# JRE version: Java(TM) SE Runtime Environment (17.0+35) (build 17+35-LTS-2724)
# Java VM: Java HotSpot(TM) 64-Bit Server VM (17+35-LTS-2724, mixed mode, sharing, tiered, compressed oops, compressed class ptrs, g1 gc, windows-amd64)
GC Precious Log:
 CPUs: 6 total, 6 available
 Memory: 16207M
 Large Page Support: Disabled
 NUMA Support: Disabled
 Compressed Oops: Enabled (Zero based)
 Heap Region Size: 2M
 Heap Min Capacity: 8M
 Heap Initial Capacity: 254M
 Heap Max Capacity: 4052M
 Pre-touch: Disabled
 Parallel Workers: 6
 Concurrent Workers: 2
 Concurrent Refinement Workers: 6
 Periodic GC: Disabled
Heap:
 garbage-first heap   total 260096K, used 34577K [0x0000000702c00000, 0x0000000800000000)
  region size 2048K, 14 young (28672K), 3 survivors (6144K)
 Metaspace       used 19897K, committed 20224K, reserved 1073152K
  class space    used 2369K, committed 2496K, reserved 1048576K
GC Heap History (6 events):
Event: 1.360 GC heap before
{Heap before GC invocations=0 (full 0):
 garbage-first heap   total 260096K, used 18432K [0x0000000702c00000, 0x0000000800000000)
  region size 2048K, 10 young (20480K), 0 survivors (0K)
 Metaspace       used 1414K, committed 1536K, reserved 1056768K
  class space    used 139K, committed 192K, reserved 1048576K
}
Event: 1.377 GC heap after
{Heap after GC invocations=1 (full 0):
 garbage-first heap   total 260096K, used 7531K [0x0000000702c00000, 0x0000000800000000)
  region size 2048K, 2 young (4096K), 2 survivors (4096K)
 Metaspace       used 1414K, committed 1536K, reserved 1056768K
  class space    used 139K, committed 192K, reserved 1048576K
}
Event: 2.653 GC heap before
{Heap before GC invocations=1 (full 0):
 garbage-first heap   total 260096K, used 23915K [0x0000000702c00000, 0x0000000800000000)
  region size 2048K, 11 young (22528K), 2 survivors (4096K)
 Metaspace       used 6177K, committed 6336K, reserved 1056768K
  class space    used 683K, committed 768K, reserved 1048576K
}
Event: 2.656 GC heap after
{Heap after GC invocations=2 (full 0):
 garbage-first heap   total 260096K, used 9778K [0x0000000702c00000, 0x0000000800000000)
  region size 2048K, 2 young (4096K), 2 survivors (4096K)
 Metaspace       used 6177K, committed 6336K, reserved 1056768K
  class space    used 683K, committed 768K, reserved 1048576K
}
Event: 4.877 GC heap before
{Heap before GC invocations=2 (full 0):
 garbage-first heap   total 260096K, used 50738K [0x0000000702c00000, 0x0000000800000000)
  region size 2048K, 22 young (45056K), 2 survivors (4096K)
 Metaspace       used 14367K, committed 14592K, reserved 1064960K
  class space    used 1625K, committed 1728K, reserved 1048576K
}
Event: 4.882 GC heap after
{Heap after GC invocations=3 (full 0):
 garbage-first heap   total 260096K, used 14097K [0x0000000702c00000, 0x0000000800000000)
  region size 2048K, 3 young (6144K), 3 survivors (6144K)
 Metaspace       used 14367K, committed 14592K, reserved 1064960K
  class space    used 1625K, committed 1728K, reserved 1048576K
}

